
5월 02, 2022 17:00:03.78 NEW SESSION
5월 02, 2022 17:00:03.78 [13664:4308:0502/170003.777:ERROR:device_event_log_impl.cc(214)] [17:00:03.777] USB: usb_service_win.cc:391 Could not read device interface GUIDs: 지정된 파일을 찾을 수 없습니다. (0x2)
5월 02, 2022 17:00:03.78 [13664:4308:0502/170003.782:ERROR:device_event_log_impl.cc(214)] [17:00:03.783] Bluetooth: bluetooth_adapter_winrt.cc:1075 Getting Default Adapter failed.
5월 02, 2022 17:00:20.08 [7784:15332:0502/170020.086:ERROR:device_event_log_impl.cc(214)] [17:00:20.086] USB: usb_service_win.cc:391 Could not read device interface GUIDs: 지정된 파일을 찾을 수 없습니다. (0x2)
5월 02, 2022 17:00:20.08 [7784:15332:0502/170020.088:ERROR:device_event_log_impl.cc(214)] [17:00:20.088] Bluetooth: bluetooth_adapter_winrt.cc:1075 Getting Default Adapter failed.
5월 02, 2022 17:00:39.83 [9872:14120:0502/170039.836:ERROR:device_event_log_impl.cc(214)] [17:00:39.836] USB: usb_service_win.cc:391 Could not read device interface GUIDs: 지정된 파일을 찾을 수 없습니다. (0x2)
5월 02, 2022 17:00:39.83 [9872:14120:0502/170039.838:ERROR:device_event_log_impl.cc(214)] [17:00:39.838] Bluetooth: bluetooth_adapter_winrt.cc:1075 Getting Default Adapter failed.
5월 02, 2022 17:01:37.73 [9872:12380:0502/170137.729:ERROR:util.cc(126)] Can't create base directory: C:\Program Files\Google\GoogleUpdater
5월 02, 2022 17:02:06.39 [14008:10708:0502/170206.397:ERROR:device_event_log_impl.cc(214)] [17:02:06.397] USB: usb_service_win.cc:391 Could not read device interface GUIDs: 지정된 파일을 찾을 수 없습니다. (0x2)
5월 02, 2022 17:02:06.40 [14008:10708:0502/170206.400:ERROR:device_event_log_impl.cc(214)] [17:02:06.400] Bluetooth: bluetooth_adapter_winrt.cc:1075 Getting Default Adapter failed.
5월 02, 2022 17:03:04.37 [14008:14152:0502/170304.377:ERROR:util.cc(126)] Can't create base directory: C:\Program Files\Google\GoogleUpdater
5월 02, 2022 17:12:28.90 [14008:10708:0502/171228.904:ERROR:interface_endpoint_client.cc(659)] Message 1 rejected by interface blink.mojom.WidgetHost
5월 02, 2022 17:22:24.81 [14008:10708:0502/172224.811:ERROR:interface_endpoint_client.cc(659)] Message 1 rejected by interface blink.mojom.WidgetHost
5월 02, 2022 17:25:06.95 [14008:10708:0502/172506.959:ERROR:interface_endpoint_client.cc(659)] Message 1 rejected by interface blink.mojom.WidgetHost
5월 02, 2022 17:25:06.96 [14008:10708:0502/172506.959:ERROR:interface_endpoint_client.cc(659)] Message 1 rejected by interface blink.mojom.WidgetHost
5월 02, 2022 17:25:06.96 [14008:10708:0502/172506.959:ERROR:interface_endpoint_client.cc(659)] Message 1 rejected by interface blink.mojom.WidgetHost
5월 02, 2022 17:26:21.35 [14008:10708:0502/172621.352:ERROR:interface_endpoint_client.cc(659)] Message 1 rejected by interface blink.mojom.WidgetHost
5월 02, 2022 17:27:06.23 [14008:10708:0502/172706.231:ERROR:interface_endpoint_client.cc(659)] Message 1 rejected by interface blink.mojom.WidgetHost
5월 02, 2022 17:27:35.64 [14008:10708:0502/172735.640:ERROR:interface_endpoint_client.cc(659)] Message 1 rejected by interface blink.mojom.WidgetHost
5월 02, 2022 17:28:45.89 [14008:10708:0502/172845.890:ERROR:interface_endpoint_client.cc(659)] Message 1 rejected by interface blink.mojom.WidgetHost
5월 02, 2022 17:29:33.28 [14008:10708:0502/172933.286:ERROR:interface_endpoint_client.cc(659)] Message 1 rejected by interface blink.mojom.WidgetHost
5월 02, 2022 17:30:44.94 [14008:10708:0502/173044.940:ERROR:interface_endpoint_client.cc(659)] Message 1 rejected by interface blink.mojom.WidgetHost
5월 02, 2022 17:32:27.78 [14008:10708:0502/173227.784:ERROR:interface_endpoint_client.cc(659)] Message 1 rejected by interface blink.mojom.WidgetHost
5월 02, 2022 17:48:10.50 [14008:10708:0502/174810.508:ERROR:interface_endpoint_client.cc(659)] Message 1 rejected by interface blink.mojom.WidgetHost

5월 03, 2022 15:59:59.30 NEW SESSION
5월 03, 2022 15:59:59.30 [11600:14180:0503/155959.304:ERROR:device_event_log_impl.cc(214)] [15:59:59.304] USB: usb_service_win.cc:391 Could not read device interface GUIDs: 지정된 파일을 찾을 수 없습니다. (0x2)
5월 03, 2022 15:59:59.30 [11600:14180:0503/155959.307:ERROR:device_event_log_impl.cc(214)] [15:59:59.307] Bluetooth: bluetooth_adapter_winrt.cc:1075 Getting Default Adapter failed.
5월 03, 2022 16:00:56.71 [11600:13300:0503/160056.713:ERROR:util.cc(126)] Can't create base directory: C:\Program Files\Google\GoogleUpdater
5월 03, 2022 16:14:52.54 [11600:14180:0503/161452.540:ERROR:interface_endpoint_client.cc(659)] Message 1 rejected by interface blink.mojom.WidgetHost
5월 03, 2022 16:18:55.21 [11600:14180:0503/161855.218:ERROR:interface_endpoint_client.cc(659)] Message 1 rejected by interface blink.mojom.WidgetHost
5월 03, 2022 16:19:05.50 [11600:14180:0503/161905.501:ERROR:interface_endpoint_client.cc(659)] Message 1 rejected by interface blink.mojom.WidgetHost
5월 03, 2022 16:33:39.62 [11600:14180:0503/163339.619:ERROR:interface_endpoint_client.cc(659)] Message 1 rejected by interface blink.mojom.WidgetHost
5월 03, 2022 16:51:18.08 [11600:14180:0503/165118.082:ERROR:interface_endpoint_client.cc(659)] Message 1 rejected by interface blink.mojom.WidgetHost
5월 03, 2022 16:51:18.08 [11600:14180:0503/165118.082:ERROR:interface_endpoint_client.cc(659)] Message 1 rejected by interface blink.mojom.WidgetHost

5월 04, 2022 17:38:18.37 NEW SESSION
5월 04, 2022 17:38:18.37 [5100:18348:0504/173818.373:ERROR:device_event_log_impl.cc(214)] [17:38:18.374] USB: usb_service_win.cc:415 Could not read device interface GUIDs: 지정된 파일을 찾을 수 없습니다. (0x2)
5월 04, 2022 17:38:18.37 [5100:18348:0504/173818.377:ERROR:device_event_log_impl.cc(214)] [17:38:18.378] Bluetooth: bluetooth_adapter_winrt.cc:1075 Getting Default Adapter failed.
5월 04, 2022 17:39:16.33 [5100:19424:0504/173916.336:ERROR:util.cc(126)] Can't create base directory: C:\Program Files\Google\GoogleUpdater
5월 04, 2022 17:42:28.96 [10292:13636:0504/174228.963:ERROR:device_event_log_impl.cc(214)] [17:42:28.963] USB: usb_service_win.cc:415 Could not read device interface GUIDs: 지정된 파일을 찾을 수 없습니다. (0x2)
5월 04, 2022 17:42:28.96 [10292:13636:0504/174228.968:ERROR:device_event_log_impl.cc(214)] [17:42:28.968] Bluetooth: bluetooth_adapter_winrt.cc:1075 Getting Default Adapter failed.
5월 04, 2022 17:43:26.96 [10292:10008:0504/174326.961:ERROR:util.cc(126)] Can't create base directory: C:\Program Files\Google\GoogleUpdater
5월 04, 2022 17:46:32.49 [13460:14464:0504/174632.494:ERROR:device_event_log_impl.cc(214)] [17:46:32.494] USB: usb_service_win.cc:415 Could not read device interface GUIDs: 지정된 파일을 찾을 수 없습니다. (0x2)
5월 04, 2022 17:46:32.49 [13460:14464:0504/174632.496:ERROR:device_event_log_impl.cc(214)] [17:46:32.496] Bluetooth: bluetooth_adapter_winrt.cc:1075 Getting Default Adapter failed.
5월 04, 2022 17:47:30.44 [13460:11700:0504/174730.439:ERROR:util.cc(126)] Can't create base directory: C:\Program Files\Google\GoogleUpdater
5월 04, 2022 18:03:24.70 [13460:14464:0504/180324.702:ERROR:interface_endpoint_client.cc(665)] Message 1 rejected by interface blink.mojom.WidgetHost
5월 04, 2022 18:03:24.70 [13460:14464:0504/180324.702:ERROR:interface_endpoint_client.cc(665)] Message 1 rejected by interface blink.mojom.WidgetHost

5월 06, 2022 09:38:17.69 NEW SESSION
5월 06, 2022 09:38:17.69 [3760:9840:0506/093817.690:ERROR:device_event_log_impl.cc(214)] [09:38:17.689] USB: usb_service_win.cc:415 Could not read device interface GUIDs: 지정된 파일을 찾을 수 없습니다. (0x2)
5월 06, 2022 09:38:17.69 [3760:9840:0506/093817.693:ERROR:device_event_log_impl.cc(214)] [09:38:17.692] Bluetooth: bluetooth_adapter_winrt.cc:1075 Getting Default Adapter failed.
5월 06, 2022 09:39:19.73 [5928:5624:0506/093919.731:ERROR:device_event_log_impl.cc(214)] [09:39:19.731] USB: usb_service_win.cc:415 Could not read device interface GUIDs: 지정된 파일을 찾을 수 없습니다. (0x2)
5월 06, 2022 09:39:19.73 [5928:5624:0506/093919.734:ERROR:device_event_log_impl.cc(214)] [09:39:19.733] Bluetooth: bluetooth_adapter_winrt.cc:1075 Getting Default Adapter failed.
5월 06, 2022 09:40:17.72 [5928:14092:0506/094017.720:ERROR:util.cc(126)] Can't create base directory: C:\Program Files\Google\GoogleUpdater
5월 06, 2022 09:47:04.61 [5928:5624:0506/094704.619:ERROR:interface_endpoint_client.cc(665)] Message 1 rejected by interface blink.mojom.WidgetHost
5월 06, 2022 09:50:28.09 [5928:5624:0506/095028.098:ERROR:interface_endpoint_client.cc(665)] Message 1 rejected by interface blink.mojom.WidgetHost
5월 06, 2022 09:50:32.73 [5928:5624:0506/095032.732:ERROR:interface_endpoint_client.cc(665)] Message 1 rejected by interface blink.mojom.WidgetHost
5월 06, 2022 09:56:21.73 [5928:5624:0506/095621.738:ERROR:interface_endpoint_client.cc(665)] Message 1 rejected by interface blink.mojom.WidgetHost
5월 06, 2022 11:08:46.67 [5928:5624:0506/110846.671:ERROR:interface_endpoint_client.cc(665)] Message 1 rejected by interface blink.mojom.WidgetHost
5월 06, 2022 11:17:28.71 [5928:5624:0506/111728.715:ERROR:interface_endpoint_client.cc(665)] Message 1 rejected by interface blink.mojom.WidgetHost
5월 06, 2022 11:20:12.21 [5928:5624:0506/112012.218:ERROR:interface_endpoint_client.cc(665)] Message 1 rejected by interface blink.mojom.WidgetHost
5월 06, 2022 11:20:46.62 [5928:5624:0506/112046.628:ERROR:interface_endpoint_client.cc(665)] Message 1 rejected by interface blink.mojom.WidgetHost
5월 06, 2022 11:29:22.34 [5928:5624:0506/112922.349:ERROR:interface_endpoint_client.cc(665)] Message 1 rejected by interface blink.mojom.WidgetHost
5월 06, 2022 11:55:26.30 [5928:5624:0506/115526.304:ERROR:interface_endpoint_client.cc(665)] Message 1 rejected by interface blink.mojom.WidgetHost
5월 06, 2022 12:05:41.24 [5928:5624:0506/120541.247:ERROR:interface_endpoint_client.cc(665)] Message 1 rejected by interface blink.mojom.WidgetHost
5월 06, 2022 12:19:25.69 [5928:5624:0506/121925.691:ERROR:interface_endpoint_client.cc(665)] Message 1 rejected by interface blink.mojom.WidgetHost
5월 06, 2022 13:32:58.71 [5928:5624:0506/133258.716:ERROR:interface_endpoint_client.cc(665)] Message 1 rejected by interface blink.mojom.WidgetHost
5월 06, 2022 14:05:40.62 [5928:5624:0506/140540.625:ERROR:interface_endpoint_client.cc(665)] Message 1 rejected by interface blink.mojom.WidgetHost
5월 06, 2022 14:14:21.44 [5928:5624:0506/141421.444:ERROR:interface_endpoint_client.cc(665)] Message 1 rejected by interface blink.mojom.WidgetHost
5월 06, 2022 14:33:42.15 [5928:5624:0506/143342.152:ERROR:interface_endpoint_client.cc(665)] Message 1 rejected by interface blink.mojom.WidgetHost
5월 06, 2022 14:33:42.15 [5928:5624:0506/143342.152:ERROR:interface_endpoint_client.cc(665)] Message 1 rejected by interface blink.mojom.WidgetHost
5월 06, 2022 14:39:27.41 [5928:13512:0506/143927.414:ERROR:util.cc(126)] Can't create base directory: C:\Program Files\Google\GoogleUpdater
5월 06, 2022 15:40:13.56 [5928:5624:0506/154013.569:ERROR:interface_endpoint_client.cc(665)] Message 1 rejected by interface blink.mojom.WidgetHost
5월 06, 2022 15:56:47.35 [5928:5624:0506/155647.356:ERROR:interface_endpoint_client.cc(665)] Message 1 rejected by interface blink.mojom.WidgetHost
5월 06, 2022 16:13:30.42 [5928:5624:0506/161330.427:ERROR:interface_endpoint_client.cc(665)] Message 1 rejected by interface blink.mojom.WidgetHost
5월 06, 2022 16:17:58.14 [5928:5624:0506/161758.143:ERROR:interface_endpoint_client.cc(665)] Message 1 rejected by interface blink.mojom.WidgetHost
5월 06, 2022 16:18:04.08 [5928:5624:0506/161804.083:ERROR:interface_endpoint_client.cc(665)] Message 1 rejected by interface blink.mojom.WidgetHost
5월 06, 2022 16:24:30.63 [5928:5624:0506/162430.633:ERROR:interface_endpoint_client.cc(665)] Message 1 rejected by interface blink.mojom.WidgetHost
5월 06, 2022 16:24:30.63 [5928:5624:0506/162430.633:ERROR:interface_endpoint_client.cc(665)] Message 1 rejected by interface blink.mojom.WidgetHost
5월 06, 2022 16:24:30.63 [5928:5624:0506/162430.633:ERROR:interface_endpoint_client.cc(665)] Message 1 rejected by interface blink.mojom.WidgetHost
5월 06, 2022 16:24:36.93 [5928:5624:0506/162436.938:ERROR:interface_endpoint_client.cc(665)] Message 1 rejected by interface blink.mojom.WidgetHost
5월 06, 2022 16:37:16.43 [5928:5624:0506/163716.437:ERROR:interface_endpoint_client.cc(665)] Message 1 rejected by interface blink.mojom.WidgetHost
5월 06, 2022 17:19:28.86 [5928:5624:0506/171928.860:ERROR:interface_endpoint_client.cc(665)] Message 1 rejected by interface blink.mojom.WidgetHost
5월 06, 2022 17:47:08.26 [5928:5624:0506/174708.268:ERROR:interface_endpoint_client.cc(665)] Message 1 rejected by interface blink.mojom.WidgetHost
5월 06, 2022 17:53:48.39 [5928:5624:0506/175348.399:ERROR:interface_endpoint_client.cc(665)] Message 1 rejected by interface blink.mojom.WidgetHost
5월 06, 2022 18:23:24.29 [5928:5624:0506/182324.299:ERROR:interface_endpoint_client.cc(665)] Message 1 rejected by interface blink.mojom.WidgetHost

5월 09, 2022 15:51:56.89 NEW SESSION
5월 09, 2022 15:51:56.89 [11532:2064:0509/155156.895:ERROR:device_event_log_impl.cc(214)] [15:51:56.895] USB: usb_service_win.cc:415 Could not read device interface GUIDs: 지정된 파일을 찾을 수 없습니다. (0x2)
5월 09, 2022 15:51:56.89 [11532:2064:0509/155156.895:ERROR:device_event_log_impl.cc(214)] [15:51:56.896] USB: usb_device_handle_win.cc:1049 Failed to read descriptor from node connection: 시스템에 부착된 장치가 작동하지 않습니다. (0x1F)
5월 09, 2022 15:51:56.89 [11532:2064:0509/155156.897:ERROR:device_event_log_impl.cc(214)] [15:51:56.898] Bluetooth: bluetooth_adapter_winrt.cc:1075 Getting Default Adapter failed.
5월 09, 2022 15:51:56.89 [11532:2064:0509/155156.899:ERROR:device_event_log_impl.cc(214)] [15:51:56.899] USB: usb_device_handle_win.cc:1049 Failed to read descriptor from node connection: 시스템에 부착된 장치가 작동하지 않습니다. (0x1F)
5월 09, 2022 15:52:54.81 [11532:7580:0509/155254.817:ERROR:util.cc(126)] Can't create base directory: C:\Program Files\Google\GoogleUpdater
5월 09, 2022 16:03:03.64 [5560:2192:0509/160303.647:ERROR:device_event_log_impl.cc(214)] [16:03:03.647] USB: usb_service_win.cc:415 Could not read device interface GUIDs: 지정된 파일을 찾을 수 없습니다. (0x2)
5월 09, 2022 16:03:03.65 [5560:2192:0509/160303.650:ERROR:device_event_log_impl.cc(214)] [16:03:03.650] Bluetooth: bluetooth_adapter_winrt.cc:1075 Getting Default Adapter failed.
5월 09, 2022 16:04:01.61 [5560:9000:0509/160401.613:ERROR:util.cc(126)] Can't create base directory: C:\Program Files\Google\GoogleUpdater
5월 09, 2022 16:13:44.97 [5560:2192:0509/161344.970:ERROR:interface_endpoint_client.cc(665)] Message 1 rejected by interface blink.mojom.WidgetHost
5월 09, 2022 16:33:33.38 [5560:2192:0509/163333.388:ERROR:interface_endpoint_client.cc(665)] Message 1 rejected by interface blink.mojom.WidgetHost
5월 09, 2022 17:04:42.99 [5560:2192:0509/170442.990:ERROR:interface_endpoint_client.cc(665)] Message 1 rejected by interface blink.mojom.WidgetHost
5월 09, 2022 17:25:38.07 [5560:2192:0509/172538.076:ERROR:interface_endpoint_client.cc(665)] Message 1 rejected by interface blink.mojom.WidgetHost
5월 09, 2022 17:25:38.07 [5560:2192:0509/172538.076:ERROR:interface_endpoint_client.cc(665)] Message 1 rejected by interface blink.mojom.WidgetHost
5월 09, 2022 17:25:41.74 [5560:2192:0509/172541.744:ERROR:interface_endpoint_client.cc(665)] Message 1 rejected by interface blink.mojom.WidgetHost
5월 09, 2022 17:25:41.74 [5560:2192:0509/172541.744:ERROR:interface_endpoint_client.cc(665)] Message 1 rejected by interface blink.mojom.WidgetHost
5월 09, 2022 17:28:17.67 [5560:2192:0509/172817.678:ERROR:interface_endpoint_client.cc(665)] Message 1 rejected by interface blink.mojom.WidgetHost
5월 09, 2022 17:28:22.76 [5560:2192:0509/172822.766:ERROR:interface_endpoint_client.cc(665)] Message 1 rejected by interface blink.mojom.WidgetHost
5월 09, 2022 17:31:36.56 [5560:2192:0509/173136.565:ERROR:interface_endpoint_client.cc(665)] Message 1 rejected by interface blink.mojom.WidgetHost

5월 12, 2022 09:51:44.17 NEW SESSION
5월 12, 2022 09:51:44.17 [9920:9692:0512/095144.168:ERROR:device_event_log_impl.cc(214)] [09:51:44.168] USB: usb_service_win.cc:415 Could not read device interface GUIDs: 지정된 파일을 찾을 수 없습니다. (0x2)
5월 12, 2022 09:51:44.17 [9920:9692:0512/095144.172:ERROR:device_event_log_impl.cc(214)] [09:51:44.172] Bluetooth: bluetooth_adapter_winrt.cc:1075 Getting Default Adapter failed.
5월 12, 2022 09:52:54.45 [6680:13628:0512/095254.451:ERROR:interface_endpoint_client.cc(665)] Message 1 rejected by interface blink.mojom.WidgetHost
5월 12, 2022 09:52:57.67 [6680:13628:0512/095257.678:ERROR:device_event_log_impl.cc(214)] [09:52:57.678] USB: usb_service_win.cc:415 Could not read device interface GUIDs: 지정된 파일을 찾을 수 없습니다. (0x2)
5월 12, 2022 09:52:57.68 [6680:13628:0512/095257.681:ERROR:device_event_log_impl.cc(214)] [09:52:57.681] Bluetooth: bluetooth_adapter_winrt.cc:1075 Getting Default Adapter failed.
5월 12, 2022 09:53:09.46 [6680:6124:0512/095309.468:ERROR:util.cc(126)] Can't create base directory: C:\Program Files\Google\GoogleUpdater
5월 12, 2022 09:53:35.53 [6680:13628:0512/095335.536:ERROR:interface_endpoint_client.cc(665)] Message 1 rejected by interface blink.mojom.WidgetHost
5월 12, 2022 09:53:35.53 [6680:13628:0512/095335.536:ERROR:interface_endpoint_client.cc(665)] Message 1 rejected by interface blink.mojom.WidgetHost
5월 12, 2022 10:08:32.27 [6680:13628:0512/100832.275:ERROR:interface_endpoint_client.cc(665)] Message 1 rejected by interface blink.mojom.WidgetHost
5월 12, 2022 11:13:58.30 [16200:7944:0512/111358.307:ERROR:device_event_log_impl.cc(214)] [11:13:58.307] USB: usb_service_win.cc:415 Could not read device interface GUIDs: 지정된 파일을 찾을 수 없습니다. (0x2)
5월 12, 2022 11:13:58.31 [16200:7944:0512/111358.309:ERROR:device_event_log_impl.cc(214)] [11:13:58.309] Bluetooth: bluetooth_adapter_winrt.cc:1075 Getting Default Adapter failed.
5월 12, 2022 11:14:38.10 [13328:11228:0512/111438.108:ERROR:device_event_log_impl.cc(214)] [11:14:38.108] USB: usb_service_win.cc:415 Could not read device interface GUIDs: 지정된 파일을 찾을 수 없습니다. (0x2)
5월 12, 2022 11:14:38.11 [13328:11228:0512/111438.112:ERROR:device_event_log_impl.cc(214)] [11:14:38.112] Bluetooth: bluetooth_adapter_winrt.cc:1075 Getting Default Adapter failed.
5월 12, 2022 11:15:36.10 [13328:10144:0512/111536.105:ERROR:util.cc(126)] Can't create base directory: C:\Program Files\Google\GoogleUpdater
5월 12, 2022 11:23:58.88 [13328:11228:0512/112358.889:ERROR:interface_endpoint_client.cc(665)] Message 1 rejected by interface blink.mojom.WidgetHost
5월 12, 2022 11:44:28.72 [13328:11228:0512/114428.726:ERROR:interface_endpoint_client.cc(665)] Message 1 rejected by interface blink.mojom.WidgetHost
5월 12, 2022 11:49:25.58 [13328:11228:0512/114925.584:ERROR:interface_endpoint_client.cc(665)] Message 1 rejected by interface blink.mojom.WidgetHost
5월 12, 2022 11:49:34.88 [13328:11228:0512/114934.886:ERROR:interface_endpoint_client.cc(665)] Message 1 rejected by interface blink.mojom.WidgetHost
5월 12, 2022 11:54:53.55 [13328:11228:0512/115453.552:ERROR:interface_endpoint_client.cc(665)] Message 1 rejected by interface blink.mojom.WidgetHost
5월 12, 2022 11:55:02.46 [13328:11228:0512/115502.463:ERROR:interface_endpoint_client.cc(665)] Message 1 rejected by interface blink.mojom.WidgetHost
5월 12, 2022 11:55:02.46 [13328:11228:0512/115502.463:ERROR:interface_endpoint_client.cc(665)] Message 1 rejected by interface blink.mojom.WidgetHost
5월 12, 2022 11:55:19.38 [13328:11228:0512/115519.387:ERROR:interface_endpoint_client.cc(665)] Message 1 rejected by interface blink.mojom.WidgetHost
5월 12, 2022 13:36:39.87 [13328:11228:0512/133639.871:ERROR:interface_endpoint_client.cc(665)] Message 1 rejected by interface blink.mojom.WidgetHost
5월 12, 2022 13:44:03.43 [13328:11228:0512/134403.433:ERROR:interface_endpoint_client.cc(665)] Message 1 rejected by interface blink.mojom.WidgetHost
5월 12, 2022 14:18:11.03 [13328:11228:0512/141811.035:ERROR:interface_endpoint_client.cc(665)] Message 1 rejected by interface blink.mojom.WidgetHost
5월 12, 2022 14:40:58.82 [13328:11228:0512/144058.826:ERROR:interface_endpoint_client.cc(665)] Message 1 rejected by interface blink.mojom.WidgetHost
5월 12, 2022 16:15:36.11 [13328:13096:0512/161536.117:ERROR:util.cc(126)] Can't create base directory: C:\Program Files\Google\GoogleUpdater
5월 12, 2022 17:29:30.13 [13328:11228:0512/172930.135:ERROR:interface_endpoint_client.cc(665)] Message 1 rejected by interface blink.mojom.WidgetHost
5월 12, 2022 17:29:33.18 [13328:11228:0512/172933.188:ERROR:interface_endpoint_client.cc(665)] Message 1 rejected by interface blink.mojom.WidgetHost

5월 13, 2022 10:53:18.04 NEW SESSION
5월 13, 2022 10:53:18.04 [12156:1020:0513/105318.043:ERROR:chrome_browser_main_extra_parts_metrics.cc(227)] START: ReportBluetoothAvailability(). If you don't see the END: message, this is crbug.com/1216328.
5월 13, 2022 10:53:18.05 [12156:1020:0513/105318.043:ERROR:chrome_browser_main_extra_parts_metrics.cc(230)] END: ReportBluetoothAvailability()
5월 13, 2022 10:53:18.05 [12156:1020:0513/105318.043:ERROR:chrome_browser_main_extra_parts_metrics.cc(235)] START: GetDefaultBrowser(). If you don't see the END: message, this is crbug.com/1216328.
5월 13, 2022 10:53:18.06 [12156:1020:0513/105318.043:ERROR:chrome_browser_main_extra_parts_metrics.cc(239)] END: GetDefaultBrowser()
5월 13, 2022 10:53:18.06 [12156:12872:0513/105318.056:ERROR:device_event_log_impl.cc(214)] [10:53:18.056] USB: usb_service_win.cc:392 Could not read device interface GUIDs: 지정된 파일을 찾을 수 없습니다. (0x2)
5월 13, 2022 10:53:18.07 [12156:12872:0513/105318.060:ERROR:device_event_log_impl.cc(214)] [10:53:18.060] Bluetooth: bluetooth_adapter_winrt.cc:1075 Getting Default Adapter failed.
5월 13, 2022 10:59:33.55 [12308:5348:0513/105933.550:ERROR:chrome_browser_main_extra_parts_metrics.cc(227)] START: ReportBluetoothAvailability(). If you don't see the END: message, this is crbug.com/1216328.
5월 13, 2022 10:59:33.55 [12308:5348:0513/105933.550:ERROR:chrome_browser_main_extra_parts_metrics.cc(230)] END: ReportBluetoothAvailability()
5월 13, 2022 10:59:33.56 [12308:5348:0513/105933.550:ERROR:chrome_browser_main_extra_parts_metrics.cc(235)] START: GetDefaultBrowser(). If you don't see the END: message, this is crbug.com/1216328.
5월 13, 2022 10:59:33.57 [12308:5348:0513/105933.550:ERROR:chrome_browser_main_extra_parts_metrics.cc(239)] END: GetDefaultBrowser()
5월 13, 2022 10:59:33.57 [12308:8388:0513/105933.564:ERROR:device_event_log_impl.cc(214)] [10:59:33.563] USB: usb_service_win.cc:392 Could not read device interface GUIDs: 지정된 파일을 찾을 수 없습니다. (0x2)
5월 13, 2022 10:59:33.58 [12308:8388:0513/105933.566:ERROR:device_event_log_impl.cc(214)] [10:59:33.565] Bluetooth: bluetooth_adapter_winrt.cc:1075 Getting Default Adapter failed.
5월 13, 2022 11:02:31.53 [12308:8388:0513/110231.536:ERROR:interface_endpoint_client.cc(658)] Message 1 rejected by interface blink.mojom.WidgetHost
5월 13, 2022 11:02:31.54 [12308:8388:0513/110231.536:ERROR:interface_endpoint_client.cc(658)] Message 1 rejected by interface blink.mojom.WidgetHost
5월 13, 2022 11:02:35.14 [12308:8388:0513/110235.149:ERROR:interface_endpoint_client.cc(658)] Message 1 rejected by interface blink.mojom.WidgetHost
5월 13, 2022 11:02:51.84 [12308:8388:0513/110251.846:ERROR:interface_endpoint_client.cc(658)] Message 0 rejected by interface blink.mojom.WidgetHost
5월 13, 2022 11:32:05.71 [12308:8388:0513/113205.715:ERROR:interface_endpoint_client.cc(658)] Message 1 rejected by interface blink.mojom.WidgetHost
5월 13, 2022 11:32:09.14 [12308:8388:0513/113209.149:ERROR:interface_endpoint_client.cc(658)] Message 1 rejected by interface blink.mojom.WidgetHost
5월 13, 2022 11:33:44.85 [12308:8388:0513/113344.851:ERROR:interface_endpoint_client.cc(658)] Message 1 rejected by interface blink.mojom.WidgetHost
5월 13, 2022 11:33:46.73 [12308:8388:0513/113346.730:ERROR:interface_endpoint_client.cc(658)] Message 1 rejected by interface blink.mojom.WidgetHost
5월 13, 2022 11:35:43.27 [12308:8388:0513/113543.277:ERROR:interface_endpoint_client.cc(658)] Message 0 rejected by interface blink.mojom.WidgetHost
5월 13, 2022 11:35:43.69 [12308:8388:0513/113543.698:ERROR:device_event_log_impl.cc(214)] [11:35:43.698] Bluetooth: bluetooth_adapter_winrt.cc:1075 Getting Default Adapter failed.
5월 13, 2022 11:44:21.72 [12308:8388:0513/114421.720:ERROR:interface_endpoint_client.cc(658)] Message 1 rejected by interface blink.mojom.WidgetHost
5월 13, 2022 11:53:25.64 [12308:8388:0513/115325.640:ERROR:interface_endpoint_client.cc(658)] Message 1 rejected by interface blink.mojom.WidgetHost
5월 13, 2022 12:05:52.95 [12308:8388:0513/120552.958:ERROR:interface_endpoint_client.cc(658)] Message 1 rejected by interface blink.mojom.WidgetHost
5월 13, 2022 12:12:52.47 [5796:4512:0513/121252.474:ERROR:chrome_browser_main_extra_parts_metrics.cc(227)] START: ReportBluetoothAvailability(). If you don't see the END: message, this is crbug.com/1216328.
5월 13, 2022 12:12:52.47 [5796:4512:0513/121252.474:ERROR:chrome_browser_main_extra_parts_metrics.cc(230)] END: ReportBluetoothAvailability()
5월 13, 2022 12:12:52.48 [5796:4512:0513/121252.474:ERROR:chrome_browser_main_extra_parts_metrics.cc(235)] START: GetDefaultBrowser(). If you don't see the END: message, this is crbug.com/1216328.
5월 13, 2022 12:12:52.49 [5796:4512:0513/121252.474:ERROR:chrome_browser_main_extra_parts_metrics.cc(239)] END: GetDefaultBrowser()
5월 13, 2022 12:12:52.49 [5796:748:0513/121252.491:ERROR:device_event_log_impl.cc(214)] [12:12:52.490] USB: usb_service_win.cc:392 Could not read device interface GUIDs: 지정된 파일을 찾을 수 없습니다. (0x2)
5월 13, 2022 12:12:52.50 [5796:748:0513/121252.492:ERROR:device_event_log_impl.cc(214)] [12:12:52.492] Bluetooth: bluetooth_adapter_winrt.cc:1075 Getting Default Adapter failed.
5월 13, 2022 12:19:39.72 [2248:2528:0513/121939.722:ERROR:chrome_browser_main_extra_parts_metrics.cc(227)] START: ReportBluetoothAvailability(). If you don't see the END: message, this is crbug.com/1216328.
5월 13, 2022 12:19:39.73 [2248:2528:0513/121939.723:ERROR:chrome_browser_main_extra_parts_metrics.cc(230)] END: ReportBluetoothAvailability()
5월 13, 2022 12:19:39.73 [2248:2528:0513/121939.723:ERROR:chrome_browser_main_extra_parts_metrics.cc(235)] START: GetDefaultBrowser(). If you don't see the END: message, this is crbug.com/1216328.
5월 13, 2022 12:19:39.74 [2248:2528:0513/121939.723:ERROR:chrome_browser_main_extra_parts_metrics.cc(239)] END: GetDefaultBrowser()
5월 13, 2022 12:19:39.75 [2248:5692:0513/121939.742:ERROR:device_event_log_impl.cc(214)] [12:19:39.742] USB: usb_service_win.cc:392 Could not read device interface GUIDs: 지정된 파일을 찾을 수 없습니다. (0x2)
5월 13, 2022 12:19:39.75 [2248:5692:0513/121939.745:ERROR:device_event_log_impl.cc(214)] [12:19:39.744] Bluetooth: bluetooth_adapter_winrt.cc:1075 Getting Default Adapter failed.
5월 13, 2022 13:35:50.99 [2248:5692:0513/133550.990:ERROR:interface_endpoint_client.cc(658)] Message 1 rejected by interface blink.mojom.WidgetHost
5월 13, 2022 13:52:58.29 [2248:5692:0513/135258.292:ERROR:interface_endpoint_client.cc(658)] Message 1 rejected by interface blink.mojom.WidgetHost
5월 13, 2022 13:53:43.55 [2248:5692:0513/135343.550:ERROR:interface_endpoint_client.cc(658)] Message 1 rejected by interface blink.mojom.WidgetHost
5월 13, 2022 14:13:53.10 [2248:5692:0513/141353.100:ERROR:interface_endpoint_client.cc(658)] Message 1 rejected by interface blink.mojom.WidgetHost
5월 13, 2022 14:13:54.95 [2248:5692:0513/141354.950:ERROR:interface_endpoint_client.cc(658)] Message 1 rejected by interface blink.mojom.WidgetHost
5월 13, 2022 14:48:48.08 [10204:8412:0513/144848.082:ERROR:chrome_browser_main_extra_parts_metrics.cc(227)] START: ReportBluetoothAvailability(). If you don't see the END: message, this is crbug.com/1216328.
5월 13, 2022 14:48:48.08 [10204:8412:0513/144848.082:ERROR:chrome_browser_main_extra_parts_metrics.cc(230)] END: ReportBluetoothAvailability()
5월 13, 2022 14:48:48.09 [10204:8412:0513/144848.082:ERROR:chrome_browser_main_extra_parts_metrics.cc(235)] START: GetDefaultBrowser(). If you don't see the END: message, this is crbug.com/1216328.
5월 13, 2022 14:48:48.09 [10204:8412:0513/144848.083:ERROR:chrome_browser_main_extra_parts_metrics.cc(239)] END: GetDefaultBrowser()
5월 13, 2022 14:48:48.10 [10204:11564:0513/144848.098:ERROR:device_event_log_impl.cc(214)] [14:48:48.098] USB: usb_service_win.cc:392 Could not read device interface GUIDs: 지정된 파일을 찾을 수 없습니다. (0x2)
5월 13, 2022 14:48:48.11 [10204:11564:0513/144848.099:ERROR:device_event_log_impl.cc(214)] [14:48:48.099] Bluetooth: bluetooth_adapter_winrt.cc:1075 Getting Default Adapter failed.
5월 13, 2022 14:52:17.02 [5428:12536:0513/145217.023:ERROR:chrome_browser_main_extra_parts_metrics.cc(227)] START: ReportBluetoothAvailability(). If you don't see the END: message, this is crbug.com/1216328.
5월 13, 2022 14:52:17.03 [5428:12536:0513/145217.023:ERROR:chrome_browser_main_extra_parts_metrics.cc(230)] END: ReportBluetoothAvailability()
5월 13, 2022 14:52:17.04 [5428:12536:0513/145217.023:ERROR:chrome_browser_main_extra_parts_metrics.cc(235)] START: GetDefaultBrowser(). If you don't see the END: message, this is crbug.com/1216328.
5월 13, 2022 14:52:17.05 [5428:12536:0513/145217.024:ERROR:chrome_browser_main_extra_parts_metrics.cc(239)] END: GetDefaultBrowser()
5월 13, 2022 14:52:17.05 [5428:11944:0513/145217.041:ERROR:device_event_log_impl.cc(214)] [14:52:17.041] USB: usb_service_win.cc:392 Could not read device interface GUIDs: 지정된 파일을 찾을 수 없습니다. (0x2)
5월 13, 2022 14:52:17.06 [5428:11944:0513/145217.043:ERROR:device_event_log_impl.cc(214)] [14:52:17.043] Bluetooth: bluetooth_adapter_winrt.cc:1075 Getting Default Adapter failed.
5월 13, 2022 14:52:39.40 [5428:11944:0513/145239.403:ERROR:interface_endpoint_client.cc(658)] Message 1 rejected by interface blink.mojom.WidgetHost
5월 13, 2022 14:52:42.36 [5428:11944:0513/145242.363:ERROR:interface_endpoint_client.cc(658)] Message 1 rejected by interface blink.mojom.WidgetHost
5월 13, 2022 14:55:51.40 [5428:11944:0513/145551.408:ERROR:interface_endpoint_client.cc(658)] Message 1 rejected by interface blink.mojom.WidgetHost
5월 13, 2022 14:56:35.19 [5428:11944:0513/145635.191:ERROR:interface_endpoint_client.cc(658)] Message 1 rejected by interface blink.mojom.WidgetHost
5월 13, 2022 14:56:37.93 [5428:11944:0513/145637.933:ERROR:interface_endpoint_client.cc(658)] Message 1 rejected by interface blink.mojom.WidgetHost
5월 13, 2022 15:37:15.23 [5428:11944:0513/153715.230:ERROR:interface_endpoint_client.cc(658)] Message 1 rejected by interface blink.mojom.WidgetHost
5월 13, 2022 16:18:05.58 [5428:11944:0513/161805.588:ERROR:interface_endpoint_client.cc(658)] Message 1 rejected by interface blink.mojom.WidgetHost
5월 13, 2022 16:18:10.91 [5428:11944:0513/161810.916:ERROR:interface_endpoint_client.cc(658)] Message 1 rejected by interface blink.mojom.WidgetHost
5월 13, 2022 16:29:00.24 [5428:11944:0513/162900.243:ERROR:interface_endpoint_client.cc(658)] Message 1 rejected by interface blink.mojom.WidgetHost
5월 13, 2022 16:29:02.13 [5428:11944:0513/162902.137:ERROR:interface_endpoint_client.cc(658)] Message 1 rejected by interface blink.mojom.WidgetHost
5월 13, 2022 16:29:09.69 [5428:11944:0513/162909.697:ERROR:interface_endpoint_client.cc(658)] Message 1 rejected by interface blink.mojom.WidgetHost
5월 13, 2022 16:57:58.46 [5428:11944:0513/165758.463:ERROR:interface_endpoint_client.cc(658)] Message 1 rejected by interface blink.mojom.WidgetHost
5월 13, 2022 18:10:17.48 [5428:11944:0513/181017.489:ERROR:interface_endpoint_client.cc(658)] Message 1 rejected by interface blink.mojom.WidgetHost

5월 17, 2022 12:20:34.65 NEW SESSION
5월 17, 2022 12:20:34.65 [2172:6612:0517/122034.654:ERROR:device_event_log_impl.cc(214)] [12:20:34.654] USB: usb_service_win.cc:391 Could not read device interface GUIDs: 지정된 파일을 찾을 수 없습니다. (0x2)
5월 17, 2022 12:20:34.66 [2172:6612:0517/122034.658:ERROR:device_event_log_impl.cc(214)] [12:20:34.658] Bluetooth: bluetooth_adapter_winrt.cc:1075 Getting Default Adapter failed.
5월 17, 2022 12:21:32.59 [2172:8788:0517/122132.597:ERROR:util.cc(126)] Can't create base directory: C:\Program Files\Google\GoogleUpdater
5월 17, 2022 13:29:42.69 [9408:980:0517/132942.697:ERROR:device_event_log_impl.cc(214)] [13:29:42.696] USB: usb_service_win.cc:391 Could not read device interface GUIDs: 지정된 파일을 찾을 수 없습니다. (0x2)
5월 17, 2022 13:29:42.70 [9408:980:0517/132942.698:ERROR:device_event_log_impl.cc(214)] [13:29:42.698] Bluetooth: bluetooth_adapter_winrt.cc:1075 Getting Default Adapter failed.
5월 17, 2022 13:30:40.68 [9408:11972:0517/133040.682:ERROR:util.cc(126)] Can't create base directory: C:\Program Files\Google\GoogleUpdater
5월 17, 2022 13:33:45.68 [3352:8872:0517/133345.686:ERROR:device_event_log_impl.cc(214)] [13:33:45.686] USB: usb_service_win.cc:391 Could not read device interface GUIDs: 지정된 파일을 찾을 수 없습니다. (0x2)
5월 17, 2022 13:33:45.69 [3352:8872:0517/133345.689:ERROR:device_event_log_impl.cc(214)] [13:33:45.689] Bluetooth: bluetooth_adapter_winrt.cc:1075 Getting Default Adapter failed.
5월 17, 2022 13:34:43.65 [3352:2716:0517/133443.652:ERROR:util.cc(126)] Can't create base directory: C:\Program Files\Google\GoogleUpdater
5월 17, 2022 13:49:39.47 [3352:8872:0517/134939.474:ERROR:interface_endpoint_client.cc(659)] Message 1 rejected by interface blink.mojom.WidgetHost
5월 17, 2022 15:03:57.46 [3352:8872:0517/150357.461:ERROR:interface_endpoint_client.cc(659)] Message 1 rejected by interface blink.mojom.WidgetHost
5월 17, 2022 15:12:03.89 [3352:8872:0517/151203.898:ERROR:interface_endpoint_client.cc(659)] Message 1 rejected by interface blink.mojom.WidgetHost
